<?xml version="1.0" encoding="UTF-8"?>
<!-- Generated by org.testng.reporters.JUnitXMLReporter -->
<testsuite hostname="Suraj-PC" name="Test" tests="1" failures="0" timestamp="5 Aug 2017 07:55:54 GMT" time="72.423" errors="0">
  <testcase name="@BeforeClass beforeClass" time="0.0" classname="Demo.DemoTestoNE.NewTest">
    <failure type="org.openqa.selenium.WebDriverException" message="Failed to connect to binary FirefoxBinary(C:\Program Files\Mozilla Firefox\firefox.exe) on port 7055; process output follows: 
7	addons.xpi	DEBUG	Updating XPIState for {&amp;quot;id&amp;quot;:&amp;quot;loop@mozilla.org&amp;quot;,&amp;quot;syncGUID&amp;quot;:&amp;quot;1yaxypqjMZ-e&amp;quot;,&amp;quot;location&amp;quot;:&amp;quot;app-system-defaults&amp;quot;,&amp;quot;version&amp;quot;:&amp;quot;0.1&amp;quot;,&amp;quot;type&amp;quot;:&amp;quot;extension&amp;quot;,&amp;quot;internalName&amp;quot;:null,&amp;quot;updateURL&amp;quot;:null,&amp;quot;updateKey&amp;quot;:null,&amp;quot;optionsURL&amp;quot;:null,&amp;quot;optionsType&amp;quot;:null,&amp;quot;aboutURL&amp;quot;:null,&amp;quot;icons&amp;quot;:{},&amp;quot;iconURL&amp;quot;:null,&amp;quot;icon64URL&amp;quot;:null,&amp;quot;defaultLocale&amp;quot;:{&amp;quot;name&amp;quot;:&amp;quot;Firefox Hello Beta&amp;quot;,&amp;quot;description&amp;quot;:&amp;quot;Web sharing for Firefox&amp;quot;,&amp;quot;creator&amp;quot;:&amp;quot;Mozilla&amp;quot;,&amp;quot;homepageURL&amp;quot;:null},&amp;quot;visible&amp;quot;:true,&amp;quot;active&amp;quot;:true,&amp;quot;userDisabled&amp;quot;:false,&amp;quot;appDisabled&amp;quot;:false,&amp;quot;descriptor&amp;quot;:&amp;quot;C:\\Program Files\\Mozilla Firefox\\browser\\features\\loop@mozilla.org.xpi&amp;quot;,&amp;quot;installDate&amp;quot;:1457051706000,&amp;quot;updateDate&amp;quot;:1457051706000,&amp;quot;applyBackgroundUpdates&amp;quot;:1,&amp;quot;bootstrap&amp;quot;:true,&amp;quot;skinnable&amp;quot;:false,&amp;quot;size&amp;quot;:3086125,&amp;quot;sourceURI&amp;quot;:null,&amp;quot;releaseNotesURI&amp;quot;:null,&amp;quot;softDisabled&amp;quot;:false,&amp;quot;foreignInstall&amp;quot;:false,&amp;quot;hasBinaryComponents&amp;quot;:false,&amp;quot;strictCompatibility&amp;quot;:false,&amp;quot;locales&amp;quot;:[],&amp;quot;targetApplications&amp;quot;:[{&amp;quot;id&amp;quot;:&amp;quot;{ec8030f7-c20a-464f-9b0e-13a3a9e97384}&amp;quot;,&amp;quot;minVersion&amp;quot;:&amp;quot;45.0a1&amp;quot;,&amp;quot;maxVersion&amp;quot;:&amp;quot;45.0&amp;quot;},{&amp;quot;id&amp;quot;:&amp;quot;xpcshell@tests.mozilla.org&amp;quot;,&amp;quot;minVersion&amp;quot;:&amp;quot;0&amp;quot;,&amp;quot;maxVersion&amp;quot;:&amp;quot;10&amp;quot;}],&amp;quot;targetPlatforms&amp;quot;:[],&amp;quot;multiprocessCompatible&amp;quot;:false,&amp;quot;seen&amp;quot;:true}
1501919746287	addons.xpi	DEBUG	getModTime: Recursive scan of loop@mozilla.org
1501919746288	addons.xpi	DEBUG	Updating XPIState for {&amp;quot;id&amp;quot;:&amp;quot;{972ce4c6-7e08-4474-a285-3208198ce6fd}&amp;quot;,&amp;quot;syncGUID&amp;quot;:&amp;quot;eZepmI3CFetq&amp;quot;,&amp;quot;location&amp;quot;:&amp;quot;app-global&amp;quot;,&amp;quot;version&amp;quot;:&amp;quot;45.0&amp;quot;,&amp;quot;type&amp;quot;:&amp;quot;theme&amp;quot;,&amp;quot;internalName&amp;quot;:&amp;quot;classic/1.0&amp;quot;,&amp;quot;updateURL&amp;quot;:null,&amp;quot;updateKey&amp;quot;:null,&amp;quot;optionsURL&amp;quot;:null,&amp;quot;optionsType&amp;quot;:null,&amp;quot;aboutURL&amp;quot;:null,&amp;quot;icons&amp;quot;:{&amp;quot;32&amp;quot;:&amp;quot;icon.png&amp;quot;,&amp;quot;48&amp;quot;:&amp;quot;icon.png&amp;quot;},&amp;quot;iconURL&amp;quot;:null,&amp;quot;icon64URL&amp;quot;:null,&amp;quot;defaultLocale&amp;quot;:{&amp;quot;name&amp;quot;:&amp;quot;Default&amp;quot;,&amp;quot;description&amp;quot;:&amp;quot;The default theme.&amp;quot;,&amp;quot;creator&amp;quot;:&amp;quot;Mozilla&amp;quot;,&amp;quot;homepageURL&amp;quot;:null,&amp;quot;contributors&amp;quot;:[&amp;quot;Mozilla Contributors&amp;quot;]},&amp;quot;visible&amp;quot;:true,&amp;quot;active&amp;quot;:true,&amp;quot;userDisabled&amp;quot;:false,&amp;quot;appDisabled&amp;quot;:false,&amp;quot;descriptor&amp;quot;:&amp;quot;C:\\Program Files\\Mozilla Firefox\\browser\\extensions\\{972ce4c6-7e08-4474-a285-3208198ce6fd}.xpi&amp;quot;,&amp;quot;installDate&amp;quot;:1457051706000,&amp;quot;updateDate&amp;quot;:1457051706000,&amp;quot;applyBackgroundUpdates&amp;quot;:1,&amp;quot;skinnable&amp;quot;:true,&amp;quot;size&amp;quot;:22006,&amp;quot;sourceURI&amp;quot;:null,&amp;quot;releaseNotesURI&amp;quot;:null,&amp;quot;softDisabled&amp;quot;:false,&amp;quot;foreignInstall&amp;quot;:false,&amp;quot;hasBinaryComponents&amp;quot;:false,&amp;quot;strictCompatibility&amp;quot;:true,&amp;quot;locales&amp;quot;:[],&amp;quot;targetApplications&amp;quot;:[{&amp;quot;id&amp;quot;:&amp;quot;{ec8030f7-c20a-464f-9b0e-13a3a9e97384}&amp;quot;,&amp;quot;minVersion&amp;quot;:&amp;quot;45.0&amp;quot;,&amp;quot;maxVersion&amp;quot;:&amp;quot;45.0&amp;quot;}],&amp;quot;targetPlatforms&amp;quot;:[],&amp;quot;seen&amp;quot;:true}
1501919746288	addons.xpi	DEBUG	getModTime: Recursive scan of {972ce4c6-7e08-4474-a285-3208198ce6fd}
1501919746290	DeferredSave.extensions.json	DEBUG	Save changes
1501919746290	addons.xpi	DEBUG	Updating database with changes to installed add-ons
1501919746290	addons.xpi-utils	DEBUG	Updating add-on states
1501919746302	addons.xpi-utils	DEBUG	Writing add-ons list
1501919746317	addons.xpi	DEBUG	Registering manifest for C:\Program Files\Mozilla Firefox\browser\features\loop@mozilla.org.xpi
1501919746319	addons.xpi	DEBUG	Calling bootstrap method startup on loop@mozilla.org version 0.1
1501919746444	addons.manager	DEBUG	Starting provider: &amp;lt;unnamed-provider&amp;gt;
1501919746444	addons.manager	DEBUG	Registering shutdown blocker for &amp;lt;unnamed-provider&amp;gt;
1501919746445	addons.manager	DEBUG	Provider finished startup: &amp;lt;unnamed-provider&amp;gt;
1501919746660	addons.manager	DEBUG	Registering shutdown blocker for XPIProvider
1501919746661	addons.manager	DEBUG	Provider finished startup: XPIProvider
1501919746661	addons.manager	DEBUG	Starting provider: LightweightThemeManager
1501919746662	addons.manager	DEBUG	Registering shutdown blocker for LightweightThemeManager
1501919746663	addons.manager	DEBUG	Provider finished startup: LightweightThemeManager
1501919746665	addons.manager	DEBUG	Starting provider: GMPProvider
1501919746703	addons.manager	DEBUG	Registering shutdown blocker for GMPProvider
1501919746703	addons.manager	DEBUG	Provider finished startup: GMPProvider
1501919746703	addons.manager	DEBUG	Starting provider: PluginProvider
1501919746703	addons.manager	DEBUG	Registering shutdown blocker for PluginProvider
1501919746704	addons.manager	DEBUG	Provider finished startup: PluginProvider
1501919746704	addons.manager	DEBUG	Completed startup sequence

Build info: version: &amp;apos;2.53.0&amp;apos;, revision: &amp;apos;35ae25b1534ae328c771e0856c93e187490ca824&amp;apos;, time: &amp;apos;2016-03-15 10:43:46&amp;apos;
System info: host: &amp;apos;Suraj-PC&amp;apos;, ip: &amp;apos;192.168.0.101&amp;apos;, os.name: &amp;apos;Windows 7&amp;apos;, os.arch: &amp;apos;x86&amp;apos;, os.version: &amp;apos;6.1&amp;apos;, java.version: &amp;apos;1.7.0_40&amp;apos;
Driver info: driver.version: FirefoxDriver">
      <![CDATA[org.openqa.selenium.WebDriverException: Failed to connect to binary FirefoxBinary(C:\Program Files\Mozilla Firefox\firefox.exe) on port 7055; process output follows: 
7	addons.xpi	DEBUG	Updating XPIState for {"id":"loop@mozilla.org","syncGUID":"1yaxypqjMZ-e","location":"app-system-defaults","version":"0.1","type":"extension","internalName":null,"updateURL":null,"updateKey":null,"optionsURL":null,"optionsType":null,"aboutURL":null,"icons":{},"iconURL":null,"icon64URL":null,"defaultLocale":{"name":"Firefox Hello Beta","description":"Web sharing for Firefox","creator":"Mozilla","homepageURL":null},"visible":true,"active":true,"userDisabled":false,"appDisabled":false,"descriptor":"C:\\Program Files\\Mozilla Firefox\\browser\\features\\loop@mozilla.org.xpi","installDate":1457051706000,"updateDate":1457051706000,"applyBackgroundUpdates":1,"bootstrap":true,"skinnable":false,"size":3086125,"sourceURI":null,"releaseNotesURI":null,"softDisabled":false,"foreignInstall":false,"hasBinaryComponents":false,"strictCompatibility":false,"locales":[],"targetApplications":[{"id":"{ec8030f7-c20a-464f-9b0e-13a3a9e97384}","minVersion":"45.0a1","maxVersion":"45.0"},{"id":"xpcshell@tests.mozilla.org","minVersion":"0","maxVersion":"10"}],"targetPlatforms":[],"multiprocessCompatible":false,"seen":true}
1501919746287	addons.xpi	DEBUG	getModTime: Recursive scan of loop@mozilla.org
1501919746288	addons.xpi	DEBUG	Updating XPIState for {"id":"{972ce4c6-7e08-4474-a285-3208198ce6fd}","syncGUID":"eZepmI3CFetq","location":"app-global","version":"45.0","type":"theme","internalName":"classic/1.0","updateURL":null,"updateKey":null,"optionsURL":null,"optionsType":null,"aboutURL":null,"icons":{"32":"icon.png","48":"icon.png"},"iconURL":null,"icon64URL":null,"defaultLocale":{"name":"Default","description":"The default theme.","creator":"Mozilla","homepageURL":null,"contributors":["Mozilla Contributors"]},"visible":true,"active":true,"userDisabled":false,"appDisabled":false,"descriptor":"C:\\Program Files\\Mozilla Firefox\\browser\\extensions\\{972ce4c6-7e08-4474-a285-3208198ce6fd}.xpi","installDate":1457051706000,"updateDate":1457051706000,"applyBackgroundUpdates":1,"skinnable":true,"size":22006,"sourceURI":null,"releaseNotesURI":null,"softDisabled":false,"foreignInstall":false,"hasBinaryComponents":false,"strictCompatibility":true,"locales":[],"targetApplications":[{"id":"{ec8030f7-c20a-464f-9b0e-13a3a9e97384}","minVersion":"45.0","maxVersion":"45.0"}],"targetPlatforms":[],"seen":true}
1501919746288	addons.xpi	DEBUG	getModTime: Recursive scan of {972ce4c6-7e08-4474-a285-3208198ce6fd}
1501919746290	DeferredSave.extensions.json	DEBUG	Save changes
1501919746290	addons.xpi	DEBUG	Updating database with changes to installed add-ons
1501919746290	addons.xpi-utils	DEBUG	Updating add-on states
1501919746302	addons.xpi-utils	DEBUG	Writing add-ons list
1501919746317	addons.xpi	DEBUG	Registering manifest for C:\Program Files\Mozilla Firefox\browser\features\loop@mozilla.org.xpi
1501919746319	addons.xpi	DEBUG	Calling bootstrap method startup on loop@mozilla.org version 0.1
1501919746444	addons.manager	DEBUG	Starting provider: <unnamed-provider>
1501919746444	addons.manager	DEBUG	Registering shutdown blocker for <unnamed-provider>
1501919746445	addons.manager	DEBUG	Provider finished startup: <unnamed-provider>
1501919746660	addons.manager	DEBUG	Registering shutdown blocker for XPIProvider
1501919746661	addons.manager	DEBUG	Provider finished startup: XPIProvider
1501919746661	addons.manager	DEBUG	Starting provider: LightweightThemeManager
1501919746662	addons.manager	DEBUG	Registering shutdown blocker for LightweightThemeManager
1501919746663	addons.manager	DEBUG	Provider finished startup: LightweightThemeManager
1501919746665	addons.manager	DEBUG	Starting provider: GMPProvider
1501919746703	addons.manager	DEBUG	Registering shutdown blocker for GMPProvider
1501919746703	addons.manager	DEBUG	Provider finished startup: GMPProvider
1501919746703	addons.manager	DEBUG	Starting provider: PluginProvider
1501919746703	addons.manager	DEBUG	Registering shutdown blocker for PluginProvider
1501919746704	addons.manager	DEBUG	Provider finished startup: PluginProvider
1501919746704	addons.manager	DEBUG	Completed startup sequence

Build info: version: '2.53.0', revision: '35ae25b1534ae328c771e0856c93e187490ca824', time: '2016-03-15 10:43:46'
System info: host: 'Suraj-PC', ip: '192.168.0.101', os.name: 'Windows 7', os.arch: 'x86', os.version: '6.1', java.version: '1.7.0_40'
Driver info: driver.version: FirefoxDriver
	at org.openqa.selenium.firefox.internal.NewProfileExtensionConnection.start(NewProfileExtensionConnection.java:125)
	at org.openqa.selenium.firefox.FirefoxDriver.startClient(FirefoxDriver.java:271)
	at org.openqa.selenium.remote.RemoteWebDriver.<init>(RemoteWebDriver.java:119)
	at org.openqa.selenium.firefox.FirefoxDriver.<init>(FirefoxDriver.java:216)
	at org.openqa.selenium.firefox.FirefoxDriver.<init>(FirefoxDriver.java:211)
	at org.openqa.selenium.firefox.FirefoxDriver.<init>(FirefoxDriver.java:207)
	at org.openqa.selenium.firefox.FirefoxDriver.<init>(FirefoxDriver.java:120)
	at Demo.DemoTestoNE.NewTest.beforeClass(NewTest.java:23)
Caused by: org.openqa.selenium.firefox.NotConnectedException: Unable to connect to host 127.0.0.1 on port 7055 after 45000 ms. Firefox console output:
7	addons.xpi	DEBUG	Updating XPIState for {"id":"loop@mozilla.org","syncGUID":"1yaxypqjMZ-e","location":"app-system-defaults","version":"0.1","type":"extension","internalName":null,"updateURL":null,"updateKey":null,"optionsURL":null,"optionsType":null,"aboutURL":null,"icons":{},"iconURL":null,"icon64URL":null,"defaultLocale":{"name":"Firefox Hello Beta","description":"Web sharing for Firefox","creator":"Mozilla","homepageURL":null},"visible":true,"active":true,"userDisabled":false,"appDisabled":false,"descriptor":"C:\\Program Files\\Mozilla Firefox\\browser\\features\\loop@mozilla.org.xpi","installDate":1457051706000,"updateDate":1457051706000,"applyBackgroundUpdates":1,"bootstrap":true,"skinnable":false,"size":3086125,"sourceURI":null,"releaseNotesURI":null,"softDisabled":false,"foreignInstall":false,"hasBinaryComponents":false,"strictCompatibility":false,"locales":[],"targetApplications":[{"id":"{ec8030f7-c20a-464f-9b0e-13a3a9e97384}","minVersion":"45.0a1","maxVersion":"45.0"},{"id":"xpcshell@tests.mozilla.org","minVersion":"0","maxVersion":"10"}],"targetPlatforms":[],"multiprocessCompatible":false,"seen":true}
1501919746287	addons.xpi	DEBUG	getModTime: Recursive scan of loop@mozilla.org
1501919746288	addons.xpi	DEBUG	Updating XPIState for {"id":"{972ce4c6-7e08-4474-a285-3208198ce6fd}","syncGUID":"eZepmI3CFetq","location":"app-global","version":"45.0","type":"theme","internalName":"classic/1.0","updateURL":null,"updateKey":null,"optionsURL":null,"optionsType":null,"aboutURL":null,"icons":{"32":"icon.png","48":"icon.png"},"iconURL":null,"icon64URL":null,"defaultLocale":{"name":"Default","description":"The default theme.","creator":"Mozilla","homepageURL":null,"contributors":["Mozilla Contributors"]},"visible":true,"active":true,"userDisabled":false,"appDisabled":false,"descriptor":"C:\\Program Files\\Mozilla Firefox\\browser\\extensions\\{972ce4c6-7e08-4474-a285-3208198ce6fd}.xpi","installDate":1457051706000,"updateDate":1457051706000,"applyBackgroundUpdates":1,"skinnable":true,"size":22006,"sourceURI":null,"releaseNotesURI":null,"softDisabled":false,"foreignInstall":false,"hasBinaryComponents":false,"strictCompatibility":true,"locales":[],"targetApplications":[{"id":"{ec8030f7-c20a-464f-9b0e-13a3a9e97384}","minVersion":"45.0","maxVersion":"45.0"}],"targetPlatforms":[],"seen":true}
1501919746288	addons.xpi	DEBUG	getModTime: Recursive scan of {972ce4c6-7e08-4474-a285-3208198ce6fd}
1501919746290	DeferredSave.extensions.json	DEBUG	Save changes
1501919746290	addons.xpi	DEBUG	Updating database with changes to installed add-ons
1501919746290	addons.xpi-utils	DEBUG	Updating add-on states
1501919746302	addons.xpi-utils	DEBUG	Writing add-ons list
1501919746317	addons.xpi	DEBUG	Registering manifest for C:\Program Files\Mozilla Firefox\browser\features\loop@mozilla.org.xpi
1501919746319	addons.xpi	DEBUG	Calling bootstrap method startup on loop@mozilla.org version 0.1
1501919746444	addons.manager	DEBUG	Starting provider: <unnamed-provider>
1501919746444	addons.manager	DEBUG	Registering shutdown blocker for <unnamed-provider>
1501919746445	addons.manager	DEBUG	Provider finished startup: <unnamed-provider>
1501919746660	addons.manager	DEBUG	Registering shutdown blocker for XPIProvider
1501919746661	addons.manager	DEBUG	Provider finished startup: XPIProvider
1501919746661	addons.manager	DEBUG	Starting provider: LightweightThemeManager
1501919746662	addons.manager	DEBUG	Registering shutdown blocker for LightweightThemeManager
1501919746663	addons.manager	DEBUG	Provider finished startup: LightweightThemeManager
1501919746665	addons.manager	DEBUG	Starting provider: GMPProvider
1501919746703	addons.manager	DEBUG	Registering shutdown blocker for GMPProvider
1501919746703	addons.manager	DEBUG	Provider finished startup: GMPProvider
1501919746703	addons.manager	DEBUG	Starting provider: PluginProvider
1501919746703	addons.manager	DEBUG	Registering shutdown blocker for PluginProvider
1501919746704	addons.manager	DEBUG	Provider finished startup: PluginProvider
1501919746704	addons.manager	DEBUG	Completed startup sequence

	at org.openqa.selenium.firefox.internal.NewProfileExtensionConnection.start(NewProfileExtensionConnection.java:113)
	... 31 more
... Removed 24 stack frames]]>
    </failure>
  </testcase> <!-- @BeforeClass beforeClass -->
  <testcase name="@AfterClass afterClass" time="0.0" classname="Demo.DemoTestoNE.NewTest">
    <skipped/>
  </testcase> <!-- @AfterClass afterClass -->
  <testcase name="f" time="0.004" classname="Demo.DemoTestoNE.NewTest">
    <skipped/>
  </testcase> <!-- f -->
</testsuite> <!-- Test -->
