<?xml version="1.0" encoding="UTF-8"?>
<testng-results skipped="0" failed="0" total="1" passed="1">
  <reporter-output>
  </reporter-output>
  <suite name="Default suite" duration-ms="38059" started-at="2017-08-06T07:29:07Z" finished-at="2017-08-06T07:29:45Z">
    <groups>
    </groups>
    <test name="Default test" duration-ms="38059" started-at="2017-08-06T07:29:07Z" finished-at="2017-08-06T07:29:45Z">
      <class name="Demo.DemoTestoNE.NewTest">
        <test-method status="PASS" signature="beforeClass()[pri:0, instance:Demo.DemoTestoNE.NewTest@8843f5]" name="beforeClass" is-config="true" duration-ms="27737" started-at="2017-08-06T12:59:07Z" finished-at="2017-08-06T12:59:35Z">
          <reporter-output>
          </reporter-output>
        </test-method> <!-- beforeClass -->
        <test-method status="PASS" signature="f()[pri:0, instance:Demo.DemoTestoNE.NewTest@8843f5]" name="f" duration-ms="10179" started-at="2017-08-06T12:59:35Z" finished-at="2017-08-06T12:59:45Z">
          <reporter-output>
          </reporter-output>
        </test-method> <!-- f -->
        <test-method status="PASS" signature="afterClass()[pri:0, instance:Demo.DemoTestoNE.NewTest@8843f5]" name="afterClass" is-config="true" duration-ms="60" started-at="2017-08-06T12:59:45Z" finished-at="2017-08-06T12:59:45Z">
          <reporter-output>
          </reporter-output>
        </test-method> <!-- afterClass -->
      </class> <!-- Demo.DemoTestoNE.NewTest -->
    </test> <!-- Default test -->
  </suite> <!-- Default suite -->
</testng-results>
